My spider is running, Now is 2017-08-20 22:15:08My spider is running, Now is 2017-08-20 22:15:09 
My spider is running, Now is 2017-08-20 22:15:13My spider is running, Now is 2017-08-20 22:15:14 
My spider is running, Now is 2017-08-20 22:15:18My spider is running, Now is 2017-08-20 22:15:19 
My spider is running, Now is 2017-08-20 22:15:23My spider is running, Now is 2017-08-20 22:15:24 
My spider is running, Now is 2017-08-20 22:15:28My spider is running, Now is 2017-08-20 22:15:29 
My spider is running, Now is 2017-08-20 22:15:33My spider is running, Now is 2017-08-20 22:15:34 
My spider is running, Now is 2017-08-20 22:15:38My spider is running, Now is 2017-08-20 22:15:39 
My spider is running, Now is 2017-08-20 22:15:43My spider is running, Now is 2017-08-20 22:15:44 
My spider is running, Now is 2017-08-20 22:15:48My spider is running, Now is 2017-08-20 22:15:49 
My spider is running, Now is 2017-08-20 22:15:53My spider is running, Now is 2017-08-20 22:15:54 
My spider is running, Now is 2017-08-20 22:15:58My spider is running, Now is 2017-08-20 22:15:59 
My spider is running, Now is 2017-08-20 22:16:03My spider is running, Now is 2017-08-20 22:16:04 
My spider is running, Now is 2017-08-20 22:16:08My spider is running, Now is 2017-08-20 22:16:09 
My spider is running, Now is 2017-08-20 22:16:13My spider is running, Now is 2017-08-20 22:16:14 
My spider is running, Now is 2017-08-20 22:16:18My spider is running, Now is 2017-08-20 22:16:19 
My spider is running, Now is 2017-08-20 22:16:23My spider is running, Now is 2017-08-20 22:16:28My spider is running, Now is 2017-08-20 22:16:33My spider is running, Now is 2017-08-20 22:16:38My spider is running, Now is 2017-08-20 22:16:43My spider is running, Now is 2017-08-20 22:16:48My spider is running, Now is 2017-08-20 22:16:53My spider is running, Now is 2017-08-20 22:16:58My spider is running, Now is 2017-08-20 22:17:03My spider is running, Now is 2017-08-20 22:17:08My spider is running, Now is 2017-08-20 22:17:13My spider is running, Now is 2017-08-20 22:17:18My spider is running, Now is 2017-08-20 22:17:23My spider is running, Now is 2017-08-20 22:17:28My spider is running, Now is 2017-08-20 22:17:33My spider is running, Now is 2017-08-20 22:17:38My spider is running, Now is 2017-08-20 22:17:43My spider is running, Now is 2017-08-20 22:17:48My spider is running, Now is 2017-08-20 22:17:53My spider is running, Now is 2017-08-20 22:17:58My spider is running, Now is 2017-08-20 22:18:03My spider is running, Now is 2017-08-20 22:18:08My spider is running, Now is 2017-08-20 22:18:13My spider is running, Now is 2017-08-20 22:18:18My spider is running, Now is 2017-08-20 22:18:23My spider is running, Now is 2017-08-20 22:18:28My spider is running, Now is 2017-08-20 22:18:33My spider is running, Now is 2017-08-20 22:18:38My spider is running, Now is 2017-08-20 22:18:43My spider is running, Now is 2017-08-20 22:18:48My spider is running, Now is 2017-08-20 22:18:53My spider is running, Now is 2017-08-20 22:18:58My spider is running, Now is 2017-08-20 22:19:03My spider is running, Now is 2017-08-20 22:19:08My spider is running, Now is 2017-08-20 22:19:13My spider is running, Now is 2017-08-20 22:19:18My spider is running, Now is 2017-08-20 22:19:23My spider is running, Now is 2017-08-20 22:19:28My spider is running, Now is 2017-08-20 22:19:33My spider is running, Now is 2017-08-20 22:19:38My spider is running, Now is 2017-08-20 22:19:43My spider is running, Now is 2017-08-20 22:19:48My spider is running, Now is 2017-08-20 22:19:53My spider is running, Now is 2017-08-20 22:19:58My spider is running, Now is 2017-08-20 22:20:03My spider is running, Now is 2017-08-20 22:20:08My spider is running, Now is 2017-08-20 22:20:13My spider is running, Now is 2017-08-20 22:20:16 
My spider is running, Now is 2017-08-20 22:20:18My spider is running, Now is 2017-08-20 22:20:21 
My spider is running, Now is 2017-08-20 22:20:23My spider is running, Now is 2017-08-20 22:20:26 
My spider is running, Now is 2017-08-20 22:20:28Database_backup is running, Now is 2017-08-20 22:20:31 
My spider is running, Now is 2017-08-20 22:20:31 
My spider is running, Now is 2017-08-20 22:20:33My spider is running, Now is 2017-08-20 22:20:36 
My spider is running, Now is 2017-08-20 22:20:38My spider is running, Now is 2017-08-20 22:20:41 
My spider is running, Now is 2017-08-20 22:20:43My spider is running, Now is 2017-08-20 22:20:46 
My spider is running, Now is 2017-08-20 22:20:48My spider is running, Now is 2017-08-20 22:20:51 
Database_backup is running, Now is 2017-08-20 22:20:51 
My spider is running, Now is 2017-08-20 22:20:53My spider is running, Now is 2017-08-20 22:20:56 
My spider is running, Now is 2017-08-20 22:20:58My spider is running, Now is 2017-08-20 22:21:01 
My spider is running, Now is 2017-08-20 22:21:03My spider is running, Now is 2017-08-20 22:21:06 
My spider is running, Now is 2017-08-20 22:21:08Database_backup is running, Now is 2017-08-20 22:21:11 
My spider is running, Now is 2017-08-20 22:21:11 
My spider is running, Now is 2017-08-20 22:21:13
My spider is running, Now is 2017-08-20 22:21:15 
My spider is running, Now is 2017-08-20 22:21:16 
My spider is running, Now is 2017-08-20 22:21:18
My spider is running, Now is 2017-08-20 22:21:20 
My spider is running, Now is 2017-08-20 22:21:21 
My spider is running, Now is 2017-08-20 22:21:23
My spider is running, Now is 2017-08-20 22:21:25 
My spider is running, Now is 2017-08-20 22:21:26 
My spider is running, Now is 2017-08-20 22:21:28
Database_backup is running, Now is 2017-08-20 22:21:30 

My spider is running, Now is 2017-08-20 22:21:30 
My spider is running, Now is 2017-08-20 22:21:31 
Database_backup is running, Now is 2017-08-20 22:21:31 
My spider is running, Now is 2017-08-20 22:21:33
My spider is running, Now is 2017-08-20 22:21:35 
My spider is running, Now is 2017-08-20 22:21:36 
My spider is running, Now is 2017-08-20 22:21:38
My spider is running, Now is 2017-08-20 22:21:40 
My spider is running, Now is 2017-08-20 22:21:41 
My spider is running, Now is 2017-08-20 22:21:43
My spider is running, Now is 2017-08-20 22:21:45 
My spider is running, Now is 2017-08-20 22:21:46 
My spider is running, Now is 2017-08-20 22:21:48
My spider is running, Now is 2017-08-20 22:21:50 

Database_backup is running, Now is 2017-08-20 22:21:50 
My spider is running, Now is 2017-08-20 22:21:51 
Database_backup is running, Now is 2017-08-20 22:21:51 
My spider is running, Now is 2017-08-20 22:21:53
My spider is running, Now is 2017-08-20 22:21:55 
My spider is running, Now is 2017-08-20 22:21:56 
My spider is running, Now is 2017-08-20 22:21:58
My spider is running, Now is 2017-08-20 22:22:00 
My spider is running, Now is 2017-08-20 22:22:01 
My spider is running, Now is 2017-08-20 22:22:03
My spider is running, Now is 2017-08-20 22:22:05 
My spider is running, Now is 2017-08-20 22:22:06 
My spider is running, Now is 2017-08-20 22:22:08
Database_backup is running, Now is 2017-08-20 22:22:10 

My spider is running, Now is 2017-08-20 22:22:10 
Database_backup is running, Now is 2017-08-20 22:22:11 
My spider is running, Now is 2017-08-20 22:22:11 
My spider is running, Now is 2017-08-20 22:22:13
My spider is running, Now is 2017-08-20 22:22:15 
My spider is running, Now is 2017-08-20 22:22:16 
My spider is running, Now is 2017-08-20 22:22:18
My spider is running, Now is 2017-08-20 22:22:20 
My spider is running, Now is 2017-08-20 22:22:21 
My spider is running, Now is 2017-08-20 22:22:23
My spider is running, Now is 2017-08-20 22:22:25 
My spider is running, Now is 2017-08-20 22:22:26 
My spider is running, Now is 2017-08-20 22:22:28
My spider is running, Now is 2017-08-20 22:22:30 

Database_backup is running, Now is 2017-08-20 22:22:30 
My spider is running, Now is 2017-08-20 22:22:31 
Database_backup is running, Now is 2017-08-20 22:22:31 
My spider is running, Now is 2017-08-20 22:22:33
My spider is running, Now is 2017-08-20 22:22:35 
My spider is running, Now is 2017-08-20 22:22:36 
My spider is running, Now is 2017-08-20 22:22:38
My spider is running, Now is 2017-08-20 22:22:40 
My spider is running, Now is 2017-08-20 22:22:41 
My spider is running, Now is 2017-08-20 22:22:43
My spider is running, Now is 2017-08-20 22:22:45 
My spider is running, Now is 2017-08-20 22:22:46 
My spider is running, Now is 2017-08-20 22:22:48
My spider is running, Now is 2017-08-20 22:22:50 

Database_backup is running, Now is 2017-08-20 22:22:50 
My spider is running, Now is 2017-08-20 22:22:51 
Database_backup is running, Now is 2017-08-20 22:22:51 
My spider is running, Now is 2017-08-20 22:22:53
My spider is running, Now is 2017-08-20 22:22:55 
My spider is running, Now is 2017-08-20 22:22:56 
My spider is running, Now is 2017-08-20 22:22:58
My spider is running, Now is 2017-08-20 22:23:00 
My spider is running, Now is 2017-08-20 22:23:01 
My spider is running, Now is 2017-08-20 22:23:03
My spider is running, Now is 2017-08-20 22:23:05 
My spider is running, Now is 2017-08-20 22:23:06 
My spider is running, Now is 2017-08-20 22:23:08
My spider is running, Now is 2017-08-20 22:23:10 

Database_backup is running, Now is 2017-08-20 22:23:10 
My spider is running, Now is 2017-08-20 22:23:11 
Database_backup is running, Now is 2017-08-20 22:23:11 
My spider is running, Now is 2017-08-20 22:23:13
My spider is running, Now is 2017-08-20 22:23:15 
My spider is running, Now is 2017-08-20 22:23:16 
My spider is running, Now is 2017-08-20 22:23:18
My spider is running, Now is 2017-08-20 22:23:20 
My spider is running, Now is 2017-08-20 22:23:21 
My spider is running, Now is 2017-08-20 22:23:23
My spider is running, Now is 2017-08-20 22:23:25 
My spider is running, Now is 2017-08-20 22:23:26 
My spider is running, Now is 2017-08-20 22:23:28
My spider is running, Now is 2017-08-20 22:23:30 

Database_backup is running, Now is 2017-08-20 22:23:30 
My spider is running, Now is 2017-08-20 22:23:31 
Database_backup is running, Now is 2017-08-20 22:23:31 
My spider is running, Now is 2017-08-20 22:23:33
My spider is running, Now is 2017-08-20 22:23:35 
My spider is running, Now is 2017-08-20 22:23:36 
My spider is running, Now is 2017-08-20 22:23:38
My spider is running, Now is 2017-08-20 22:23:40 
My spider is running, Now is 2017-08-20 22:23:41 
My spider is running, Now is 2017-08-20 22:23:43
My spider is running, Now is 2017-08-20 22:23:45 
My spider is running, Now is 2017-08-20 22:23:46 
My spider is running, Now is 2017-08-20 22:23:48
My spider is running, Now is 2017-08-20 22:23:50 

Database_backup is running, Now is 2017-08-20 22:23:50 
Database_backup is running, Now is 2017-08-20 22:23:51 
My spider is running, Now is 2017-08-20 22:23:51 
My spider is running, Now is 2017-08-20 22:23:53
My spider is running, Now is 2017-08-20 22:23:55 
My spider is running, Now is 2017-08-20 22:23:56 
My spider is running, Now is 2017-08-20 22:23:58
My spider is running, Now is 2017-08-20 22:24:00 
My spider is running, Now is 2017-08-20 22:24:01 
My spider is running, Now is 2017-08-20 22:24:03
My spider is running, Now is 2017-08-20 22:24:04 

My spider is running, Now is 2017-08-20 22:24:05 
My spider is running, Now is 2017-08-20 22:24:06 
My spider is running, Now is 2017-08-20 22:24:08
Database_backup is running, Now is 2017-08-20 22:24:10 

My spider is running, Now is 2017-08-20 22:24:10 
Database_backup is running, Now is 2017-08-20 22:24:11 
My spider is running, Now is 2017-08-20 22:24:11 
My spider is running, Now is 2017-08-20 22:24:13
My spider is running, Now is 2017-08-20 22:24:15 
My spider is running, Now is 2017-08-20 22:24:16 
My spider is running, Now is 2017-08-20 22:24:18
Database_backup is running, Now is 2017-08-20 22:24:19 

My spider is running, Now is 2017-08-20 22:24:20 
My spider is running, Now is 2017-08-20 22:24:21 
My spider is running, Now is 2017-08-20 22:24:23
My spider is running, Now is 2017-08-20 22:24:25 
My spider is running, Now is 2017-08-20 22:24:26 
My spider is running, Now is 2017-08-20 22:24:28
My spider is running, Now is 2017-08-20 22:24:30 

Database_backup is running, Now is 2017-08-20 22:24:30 
Database_backup is running, Now is 2017-08-20 22:24:31 
My spider is running, Now is 2017-08-20 22:24:31 
My spider is running, Now is 2017-08-20 22:24:33
My spider is running, Now is 2017-08-20 22:24:35 
My spider is running, Now is 2017-08-20 22:24:36 
My spider is running, Now is 2017-08-20 22:24:38
My spider is running, Now is 2017-08-20 22:24:40 
My spider is running, Now is 2017-08-20 22:24:41 
My spider is running, Now is 2017-08-20 22:24:43
My spider is running, Now is 2017-08-20 22:24:45 
My spider is running, Now is 2017-08-20 22:24:46 
My spider is running, Now is 2017-08-20 22:24:48
My spider is running, Now is 2017-08-20 22:24:50 

Database_backup is running, Now is 2017-08-20 22:24:50 
My spider is running, Now is 2017-08-20 22:24:51 
Database_backup is running, Now is 2017-08-20 22:24:51 

Database_backup is running, Now is 2017-08-20 22:24:53 
My spider is running, Now is 2017-08-20 22:24:53
My spider is running, Now is 2017-08-20 22:24:55 
My spider is running, Now is 2017-08-20 22:24:56 
My spider is running, Now is 2017-08-20 22:24:58
My spider is running, Now is 2017-08-20 22:25:00 
My spider is running, Now is 2017-08-20 22:25:01 
My spider is running, Now is 2017-08-20 22:25:03
My spider is running, Now is 2017-08-20 22:25:05 
My spider is running, Now is 2017-08-20 22:25:06 
My spider is running, Now is 2017-08-20 22:25:08
My spider is running, Now is 2017-08-20 22:25:10 

Database_backup is running, Now is 2017-08-20 22:25:10 
My spider is running, Now is 2017-08-20 22:25:11 
Database_backup is running, Now is 2017-08-20 22:25:11 

Database_backup is running, Now is 2017-08-20 22:25:13 
My spider is running, Now is 2017-08-20 22:25:13
My spider is running, Now is 2017-08-20 22:25:15 
My spider is running, Now is 2017-08-20 22:25:16 
My spider is running, Now is 2017-08-20 22:25:18
My spider is running, Now is 2017-08-20 22:25:20 
My spider is running, Now is 2017-08-20 22:25:21 
My spider is running, Now is 2017-08-20 22:25:23
My spider is running, Now is 2017-08-20 22:25:25 
My spider is running, Now is 2017-08-20 22:25:26 
My spider is running, Now is 2017-08-20 22:25:28
Database_backup is running, Now is 2017-08-20 22:25:30 

My spider is running, Now is 2017-08-20 22:25:30 
My spider is running, Now is 2017-08-20 22:25:31 
Database_backup is running, Now is 2017-08-20 22:25:31 

Database_backup is running, Now is 2017-08-20 22:25:33 
My spider is running, Now is 2017-08-20 22:25:33
My spider is running, Now is 2017-08-20 22:25:35 
My spider is running, Now is 2017-08-20 22:25:36 
My spider is running, Now is 2017-08-20 22:25:38
My spider is running, Now is 2017-08-20 22:25:40 
My spider is running, Now is 2017-08-20 22:25:41 
My spider is running, Now is 2017-08-20 22:25:43
My spider is running, Now is 2017-08-20 22:25:45 
My spider is running, Now is 2017-08-20 22:25:46 
My spider is running, Now is 2017-08-20 22:25:48
My spider is running, Now is 2017-08-20 22:25:50 

Database_backup is running, Now is 2017-08-20 22:25:50 
My spider is running, Now is 2017-08-20 22:25:51 
Database_backup is running, Now is 2017-08-20 22:25:51 

Database_backup is running, Now is 2017-08-20 22:25:53 
My spider is running, Now is 2017-08-20 22:25:53
My spider is running, Now is 2017-08-20 22:25:55 
My spider is running, Now is 2017-08-20 22:25:56 
My spider is running, Now is 2017-08-20 22:25:58
My spider is running, Now is 2017-08-20 22:26:00 
My spider is running, Now is 2017-08-20 22:26:01 
My spider is running, Now is 2017-08-20 22:26:03
My spider is running, Now is 2017-08-20 22:26:05 
My spider is running, Now is 2017-08-20 22:26:06 
My spider is running, Now is 2017-08-20 22:26:08
My spider is running, Now is 2017-08-20 22:26:10 

Database_backup is running, Now is 2017-08-20 22:26:10 
Database_backup is running, Now is 2017-08-20 22:26:11 
My spider is running, Now is 2017-08-20 22:26:11 

Database_backup is running, Now is 2017-08-20 22:26:13 
My spider is running, Now is 2017-08-20 22:26:13
My spider is running, Now is 2017-08-20 22:26:15 
My spider is running, Now is 2017-08-20 22:26:16 
My spider is running, Now is 2017-08-20 22:26:18
My spider is running, Now is 2017-08-20 22:26:20 
My spider is running, Now is 2017-08-20 22:26:21 
My spider is running, Now is 2017-08-20 22:26:23
My spider is running, Now is 2017-08-20 22:26:25 
My spider is running, Now is 2017-08-20 22:26:26 
My spider is running, Now is 2017-08-20 22:26:28
Database_backup is running, Now is 2017-08-20 22:26:30 

My spider is running, Now is 2017-08-20 22:26:30 
My spider is running, Now is 2017-08-20 22:26:31 
Database_backup is running, Now is 2017-08-20 22:26:31 

Database_backup is running, Now is 2017-08-20 22:26:33 
My spider is running, Now is 2017-08-20 22:26:33
My spider is running, Now is 2017-08-20 22:26:35 
My spider is running, Now is 2017-08-20 22:26:36 
My spider is running, Now is 2017-08-20 22:26:38
My spider is running, Now is 2017-08-20 22:26:40 
My spider is running, Now is 2017-08-20 22:26:41 
My spider is running, Now is 2017-08-20 22:26:43
My spider is running, Now is 2017-08-20 22:26:45 
My spider is running, Now is 2017-08-20 22:26:46 
My spider is running, Now is 2017-08-20 22:26:48
My spider is running, Now is 2017-08-20 22:26:50 

Database_backup is running, Now is 2017-08-20 22:26:50 
My spider is running, Now is 2017-08-20 22:26:51 
Database_backup is running, Now is 2017-08-20 22:26:51 

Database_backup is running, Now is 2017-08-20 22:35:52 

Database_backup is running, Now is 2017-08-20 22:36:52 

Database_backup is running, Now is 2017-08-20 22:37:52 

Database_backup is running, Now is 2017-08-20 22:38:52 

My spider is running, Now is 2017-08-20 22:39:52 

Database_backup is running, Now is 2017-08-20 22:39:52 

Database_backup is running, Now is 2017-08-20 22:40:52 

Database_backup is running, Now is 2017-08-20 22:41:52 

Database_backup is running, Now is 2017-08-20 22:42:52 

Database_backup is running, Now is 2017-08-20 22:43:52 

My spider is running, Now is 2017-08-20 22:44:52 

Database_backup is running, Now is 2017-08-20 22:44:52 

Database_backup is running, Now is 2017-08-20 22:45:52 

Database_backup is running, Now is 2017-08-20 22:46:52 

Database_backup is running, Now is 2017-08-20 22:47:52 

Database_backup is running, Now is 2017-08-20 22:48:52 
